ncelab(64): 15.20-s079: (c) Copyright 1995-2019 Cadence Design Systems, Inc.
TOOL:	ncelab(64)	15.20-s079: Started on Apr 12, 2023 at 14:35:02 PDT
ncelab
    -ACCESS +rwc
    -NCFATAL INVSUP
    -NCFATAL CUNOTB
    -ERRORMAX 5
    -UPDATE
    -MESSAGES
    -TIMESCALE 1ns/10ps
    -LIBVERBOSE
    work.tb_cmp

	Elaborating the design hierarchy:
Resolving design unit 'imem' at 'tb_cmp.IM_node0'.
		Caching library 'work' ....... Done
	library: 'work' views: 'module' -> found
Resolved design unit 'imem' at 'tb_cmp.IM_node0' to 'work.imem:module'.
Resolved design unit 'imem' at 'tb_cmp.IM_node1' to 'work.imem:module'.
Resolved design unit 'imem' at 'tb_cmp.IM_node2' to 'work.imem:module'.
Resolved design unit 'imem' at 'tb_cmp.IM_node3' to 'work.imem:module'.
Resolving design unit 'dmem' at 'tb_cmp.DM_node0'.
	library: 'work' views: 'module' -> found
Resolved design unit 'dmem' at 'tb_cmp.DM_node0' to 'work.dmem:module'.
Resolved design unit 'dmem' at 'tb_cmp.DM_node1' to 'work.dmem:module'.
Resolved design unit 'dmem' at 'tb_cmp.DM_node2' to 'work.dmem:module'.
Resolved design unit 'dmem' at 'tb_cmp.DM_node3' to 'work.dmem:module'.
Resolving design unit 'cardinal_cmp' at 'tb_cmp.CMP'.
	library: 'work' views: 'module' -> found
Resolved design unit 'cardinal_cmp' at 'tb_cmp.CMP' to 'work.cardinal_cmp:module'.
Resolving design unit 'cardinal_nic' at 'tb_cmp.CMP@cardinal_cmp<module>.nic0'.
	library: 'work' views: 'module' -> found
Resolved design unit 'cardinal_nic' at 'tb_cmp.CMP@cardinal_cmp<module>.nic0' to 'work.cardinal_nic:module'.
Resolving design unit 'bufferDepth1' at 'tb_cmp.CMP@cardinal_cmp<module>.nic0@cardinal_nic<module>.inBuf'.
	library: 'work' views: 'module' -> found
Resolved design unit 'bufferDepth1' at 'tb_cmp.CMP@cardinal_cmp<module>.nic0@cardinal_nic<module>.inBuf' to 'work.bufferDepth1:module'.
Resolved design unit 'bufferDepth1' at 'tb_cmp.CMP@cardinal_cmp<module>.nic0@cardinal_nic<module>.outBuf' to 'work.bufferDepth1:module'.
Resolved design unit 'cardinal_nic' at 'tb_cmp.CMP@cardinal_cmp<module>.nic1' to 'work.cardinal_nic:module'.
Resolved design unit 'bufferDepth1' at 'tb_cmp.CMP@cardinal_cmp<module>.nic1@cardinal_nic<module>.inBuf' to 'work.bufferDepth1:module'.
Resolved design unit 'bufferDepth1' at 'tb_cmp.CMP@cardinal_cmp<module>.nic1@cardinal_nic<module>.outBuf' to 'work.bufferDepth1:module'.
Resolved design unit 'cardinal_nic' at 'tb_cmp.CMP@cardinal_cmp<module>.nic2' to 'work.cardinal_nic:module'.
Resolved design unit 'bufferDepth1' at 'tb_cmp.CMP@cardinal_cmp<module>.nic2@cardinal_nic<module>.inBuf' to 'work.bufferDepth1:module'.
Resolved design unit 'bufferDepth1' at 'tb_cmp.CMP@cardinal_cmp<module>.nic2@cardinal_nic<module>.outBuf' to 'work.bufferDepth1:module'.
Resolved design unit 'cardinal_nic' at 'tb_cmp.CMP@cardinal_cmp<module>.nic3' to 'work.cardinal_nic:module'.
Resolved design unit 'bufferDepth1' at 'tb_cmp.CMP@cardinal_cmp<module>.nic3@cardinal_nic<module>.inBuf' to 'work.bufferDepth1:module'.
Resolved design unit 'bufferDepth1' at 'tb_cmp.CMP@cardinal_cmp<module>.nic3@cardinal_nic<module>.outBuf' to 'work.bufferDepth1:module'.
Resolving design unit 'cpu' at 'tb_cmp.CMP@cardinal_cmp<module>.cpu0'.
	library: 'work' views: 'module' -> found
Resolved design unit 'cpu' at 'tb_cmp.CMP@cardinal_cmp<module>.cpu0' to 'work.cpu:module'.
Resolving design unit 'REGFILE32x64' at 'tb_cmp.CMP@cardinal_cmp<module>.cpu0@cpu<module>.regFile'.
	library: 'work' views: 'module' -> found
Resolved design unit 'REGFILE32x64' at 'tb_cmp.CMP@cardinal_cmp<module>.cpu0@cpu<module>.regFile' to 'work.REGFILE32x64:module'.
Resolving design unit 'alu' at 'tb_cmp.CMP@cardinal_cmp<module>.cpu0@cpu<module>.cardinalALU'.
	library: 'work' views: 'module' -> found
Resolved design unit 'alu' at 'tb_cmp.CMP@cardinal_cmp<module>.cpu0@cpu<module>.cardinalALU' to 'work.alu:module'.
Resolving design unit 'DW02_mult' at 'tb_cmp.CMP@cardinal_cmp<module>.cpu0@cpu<module>.cardinalALU@alu<module>.multByte0'.
    multByte0(
            |
ncelab: *E,CUVMUR (./design/alu.v,57|12): instance 'tb_cmp.CMP@cardinal_cmp<module>.cpu0@cpu<module>.cardinalALU@alu<module>.multByte0' of design unit 'DW02_mult' is unresolved in 'work.alu:module'.
Resolving design unit 'DW_div' at 'tb_cmp.CMP@cardinal_cmp<module>.cpu0@cpu<module>.cardinalALU@alu<module>.divB0'.
    divB0(
        |
ncelab: *E,CUVMUR (./design/alu.v,238|8): instance 'tb_cmp.CMP@cardinal_cmp<module>.cpu0@cpu<module>.cardinalALU@alu<module>.divB0' of design unit 'DW_div' is unresolved in 'work.alu:module'.
Resolving design unit 'DW_sqrt' at 'tb_cmp.CMP@cardinal_cmp<module>.cpu0@cpu<module>.cardinalALU@alu<module>.sqrtB0'.
    sqrtB0(
         |
ncelab: *E,CUVMUR (./design/alu.v,476|9): instance 'tb_cmp.CMP@cardinal_cmp<module>.cpu0@cpu<module>.cardinalALU@alu<module>.sqrtB0' of design unit 'DW_sqrt' is unresolved in 'work.alu:module'.
Resolved design unit 'cpu' at 'tb_cmp.CMP@cardinal_cmp<module>.cpu1' to 'work.cpu:module'.
Resolved design unit 'REGFILE32x64' at 'tb_cmp.CMP@cardinal_cmp<module>.cpu1@cpu<module>.regFile' to 'work.REGFILE32x64:module'.
Resolved design unit 'alu' at 'tb_cmp.CMP@cardinal_cmp<module>.cpu1@cpu<module>.cardinalALU' to 'work.alu:module'.
Resolved design unit 'cpu' at 'tb_cmp.CMP@cardinal_cmp<module>.cpu2' to 'work.cpu:module'.
Resolved design unit 'REGFILE32x64' at 'tb_cmp.CMP@cardinal_cmp<module>.cpu2@cpu<module>.regFile' to 'work.REGFILE32x64:module'.
Resolved design unit 'alu' at 'tb_cmp.CMP@cardinal_cmp<module>.cpu2@cpu<module>.cardinalALU' to 'work.alu:module'.
Resolved design unit 'cpu' at 'tb_cmp.CMP@cardinal_cmp<module>.cpu3' to 'work.cpu:module'.
Resolved design unit 'REGFILE32x64' at 'tb_cmp.CMP@cardinal_cmp<module>.cpu3@cpu<module>.regFile' to 'work.REGFILE32x64:module'.
Resolved design unit 'alu' at 'tb_cmp.CMP@cardinal_cmp<module>.cpu3@cpu<module>.cardinalALU' to 'work.alu:module'.
Resolving design unit 'cardinal_ring' at 'tb_cmp.CMP@cardinal_cmp<module>.ring_0'.
	library: 'work' views: 'module' -> found
Resolved design unit 'cardinal_ring' at 'tb_cmp.CMP@cardinal_cmp<module>.ring_0' to 'work.cardinal_ring:module'.
Resolving design unit 'cardinal_router' at 'tb_cmp.CMP@cardinal_cmp<module>.ring_0@cardinal_ring<module>.router_0'.
	library: 'work' views: 'module' -> found
Resolved design unit 'cardinal_router' at 'tb_cmp.CMP@cardinal_cmp<module>.ring_0@cardinal_ring<module>.router_0' to 'work.cardinal_router:module'.
Resolved design unit 'bufferDepth1' at 'tb_cmp.CMP@cardinal_cmp<module>.ring_0@cardinal_ring<module>.router_0@cardinal_router<module>.bufCwi0' to 'work.bufferDepth1:module'.
Resolved design unit 'bufferDepth1' at 'tb_cmp.CMP@cardinal_cmp<module>.ring_0@cardinal_ring<module>.router_0@cardinal_router<module>.bufCwi1' to 'work.bufferDepth1:module'.
Resolved design unit 'bufferDepth1' at 'tb_cmp.CMP@cardinal_cmp<module>.ring_0@cardinal_ring<module>.router_0@cardinal_router<module>.bufCcwi0' to 'work.bufferDepth1:module'.
Resolved design unit 'bufferDepth1' at 'tb_cmp.CMP@cardinal_cmp<module>.ring_0@cardinal_ring<module>.router_0@cardinal_router<module>.bufCcwi1' to 'work.bufferDepth1:module'.
Resolved design unit 'bufferDepth1' at 'tb_cmp.CMP@cardinal_cmp<module>.ring_0@cardinal_ring<module>.router_0@cardinal_router<module>.bufPei0' to 'work.bufferDepth1:module'.
Resolved design unit 'bufferDepth1' at 'tb_cmp.CMP@cardinal_cmp<module>.ring_0@cardinal_ring<module>.router_0@cardinal_router<module>.bufPei1' to 'work.bufferDepth1:module'.
Resolved design unit 'bufferDepth1' at 'tb_cmp.CMP@cardinal_cmp<module>.ring_0@cardinal_ring<module>.router_0@cardinal_router<module>.bufCwo0' to 'work.bufferDepth1:module'.
Resolved design unit 'bufferDepth1' at 'tb_cmp.CMP@cardinal_cmp<module>.ring_0@cardinal_ring<module>.router_0@cardinal_router<module>.bufCwo1' to 'work.bufferDepth1:module'.
Resolved design unit 'bufferDepth1' at 'tb_cmp.CMP@cardinal_cmp<module>.ring_0@cardinal_ring<module>.router_0@cardinal_router<module>.bufCcwo0' to 'work.bufferDepth1:module'.
Resolved design unit 'bufferDepth1' at 'tb_cmp.CMP@cardinal_cmp<module>.ring_0@cardinal_ring<module>.router_0@cardinal_router<module>.bufCcwo1' to 'work.bufferDepth1:module'.
Resolved design unit 'bufferDepth1' at 'tb_cmp.CMP@cardinal_cmp<module>.ring_0@cardinal_ring<module>.router_0@cardinal_router<module>.bufPeo0' to 'work.bufferDepth1:module'.
Resolved design unit 'bufferDepth1' at 'tb_cmp.CMP@cardinal_cmp<module>.ring_0@cardinal_ring<module>.router_0@cardinal_router<module>.bufPeo1' to 'work.bufferDepth1:module'.
Resolving design unit 'rotating_prioritizer' at 'tb_cmp.CMP@cardinal_cmp<module>.ring_0@cardinal_ring<module>.router_0@cardinal_router<module>.arbiterCwo'.
	library: 'work' views: 'module' -> found
Resolved design unit 'rotating_prioritizer' at 'tb_cmp.CMP@cardinal_cmp<module>.ring_0@cardinal_ring<module>.router_0@cardinal_router<module>.arbiterCwo' to 'work.rotating_prioritizer:module'.
Resolved design unit 'rotating_prioritizer' at 'tb_cmp.CMP@cardinal_cmp<module>.ring_0@cardinal_ring<module>.router_0@cardinal_router<module>.arbiterCcwo' to 'work.rotating_prioritizer:module'.
Resolved design unit 'rotating_prioritizer' at 'tb_cmp.CMP@cardinal_cmp<module>.ring_0@cardinal_ring<module>.router_0@cardinal_router<module>.arbiterPeo' to 'work.rotating_prioritizer:module'.
Resolved design unit 'cardinal_router' at 'tb_cmp.CMP@cardinal_cmp<module>.ring_0@cardinal_ring<module>.router_1' to 'work.cardinal_router:module'.
Resolved design unit 'bufferDepth1' at 'tb_cmp.CMP@cardinal_cmp<module>.ring_0@cardinal_ring<module>.router_1@cardinal_router<module>.bufCwi0' to 'work.bufferDepth1:module'.
Resolved design unit 'bufferDepth1' at 'tb_cmp.CMP@cardinal_cmp<module>.ring_0@cardinal_ring<module>.router_1@cardinal_router<module>.bufCwi1' to 'work.bufferDepth1:module'.
Resolved design unit 'bufferDepth1' at 'tb_cmp.CMP@cardinal_cmp<module>.ring_0@cardinal_ring<module>.router_1@cardinal_router<module>.bufCcwi0' to 'work.bufferDepth1:module'.
Resolved design unit 'bufferDepth1' at 'tb_cmp.CMP@cardinal_cmp<module>.ring_0@cardinal_ring<module>.router_1@cardinal_router<module>.bufCcwi1' to 'work.bufferDepth1:module'.
Resolved design unit 'bufferDepth1' at 'tb_cmp.CMP@cardinal_cmp<module>.ring_0@cardinal_ring<module>.router_1@cardinal_router<module>.bufPei0' to 'work.bufferDepth1:module'.
Resolved design unit 'bufferDepth1' at 'tb_cmp.CMP@cardinal_cmp<module>.ring_0@cardinal_ring<module>.router_1@cardinal_router<module>.bufPei1' to 'work.bufferDepth1:module'.
Resolved design unit 'bufferDepth1' at 'tb_cmp.CMP@cardinal_cmp<module>.ring_0@cardinal_ring<module>.router_1@cardinal_router<module>.bufCwo0' to 'work.bufferDepth1:module'.
Resolved design unit 'bufferDepth1' at 'tb_cmp.CMP@cardinal_cmp<module>.ring_0@cardinal_ring<module>.router_1@cardinal_router<module>.bufCwo1' to 'work.bufferDepth1:module'.
Resolved design unit 'bufferDepth1' at 'tb_cmp.CMP@cardinal_cmp<module>.ring_0@cardinal_ring<module>.router_1@cardinal_router<module>.bufCcwo0' to 'work.bufferDepth1:module'.
Resolved design unit 'bufferDepth1' at 'tb_cmp.CMP@cardinal_cmp<module>.ring_0@cardinal_ring<module>.router_1@cardinal_router<module>.bufCcwo1' to 'work.bufferDepth1:module'.
Resolved design unit 'bufferDepth1' at 'tb_cmp.CMP@cardinal_cmp<module>.ring_0@cardinal_ring<module>.router_1@cardinal_router<module>.bufPeo0' to 'work.bufferDepth1:module'.
Resolved design unit 'bufferDepth1' at 'tb_cmp.CMP@cardinal_cmp<module>.ring_0@cardinal_ring<module>.router_1@cardinal_router<module>.bufPeo1' to 'work.bufferDepth1:module'.
Resolved design unit 'rotating_prioritizer' at 'tb_cmp.CMP@cardinal_cmp<module>.ring_0@cardinal_ring<module>.router_1@cardinal_router<module>.arbiterCwo' to 'work.rotating_prioritizer:module'.
Resolved design unit 'rotating_prioritizer' at 'tb_cmp.CMP@cardinal_cmp<module>.ring_0@cardinal_ring<module>.router_1@cardinal_router<module>.arbiterCcwo' to 'work.rotating_prioritizer:module'.
Resolved design unit 'rotating_prioritizer' at 'tb_cmp.CMP@cardinal_cmp<module>.ring_0@cardinal_ring<module>.router_1@cardinal_router<module>.arbiterPeo' to 'work.rotating_prioritizer:module'.
Resolved design unit 'cardinal_router' at 'tb_cmp.CMP@cardinal_cmp<module>.ring_0@cardinal_ring<module>.router_2' to 'work.cardinal_router:module'.
Resolved design unit 'bufferDepth1' at 'tb_cmp.CMP@cardinal_cmp<module>.ring_0@cardinal_ring<module>.router_2@cardinal_router<module>.bufCwi0' to 'work.bufferDepth1:module'.
Resolved design unit 'bufferDepth1' at 'tb_cmp.CMP@cardinal_cmp<module>.ring_0@cardinal_ring<module>.router_2@cardinal_router<module>.bufCwi1' to 'work.bufferDepth1:module'.
Resolved design unit 'bufferDepth1' at 'tb_cmp.CMP@cardinal_cmp<module>.ring_0@cardinal_ring<module>.router_2@cardinal_router<module>.bufCcwi0' to 'work.bufferDepth1:module'.
Resolved design unit 'bufferDepth1' at 'tb_cmp.CMP@cardinal_cmp<module>.ring_0@cardinal_ring<module>.router_2@cardinal_router<module>.bufCcwi1' to 'work.bufferDepth1:module'.
Resolved design unit 'bufferDepth1' at 'tb_cmp.CMP@cardinal_cmp<module>.ring_0@cardinal_ring<module>.router_2@cardinal_router<module>.bufPei0' to 'work.bufferDepth1:module'.
Resolved design unit 'bufferDepth1' at 'tb_cmp.CMP@cardinal_cmp<module>.ring_0@cardinal_ring<module>.router_2@cardinal_router<module>.bufPei1' to 'work.bufferDepth1:module'.
Resolved design unit 'bufferDepth1' at 'tb_cmp.CMP@cardinal_cmp<module>.ring_0@cardinal_ring<module>.router_2@cardinal_router<module>.bufCwo0' to 'work.bufferDepth1:module'.
Resolved design unit 'bufferDepth1' at 'tb_cmp.CMP@cardinal_cmp<module>.ring_0@cardinal_ring<module>.router_2@cardinal_router<module>.bufCwo1' to 'work.bufferDepth1:module'.
Resolved design unit 'bufferDepth1' at 'tb_cmp.CMP@cardinal_cmp<module>.ring_0@cardinal_ring<module>.router_2@cardinal_router<module>.bufCcwo0' to 'work.bufferDepth1:module'.
Resolved design unit 'bufferDepth1' at 'tb_cmp.CMP@cardinal_cmp<module>.ring_0@cardinal_ring<module>.router_2@cardinal_router<module>.bufCcwo1' to 'work.bufferDepth1:module'.
Resolved design unit 'bufferDepth1' at 'tb_cmp.CMP@cardinal_cmp<module>.ring_0@cardinal_ring<module>.router_2@cardinal_router<module>.bufPeo0' to 'work.bufferDepth1:module'.
Resolved design unit 'bufferDepth1' at 'tb_cmp.CMP@cardinal_cmp<module>.ring_0@cardinal_ring<module>.router_2@cardinal_router<module>.bufPeo1' to 'work.bufferDepth1:module'.
Resolved design unit 'rotating_prioritizer' at 'tb_cmp.CMP@cardinal_cmp<module>.ring_0@cardinal_ring<module>.router_2@cardinal_router<module>.arbiterCwo' to 'work.rotating_prioritizer:module'.
Resolved design unit 'rotating_prioritizer' at 'tb_cmp.CMP@cardinal_cmp<module>.ring_0@cardinal_ring<module>.router_2@cardinal_router<module>.arbiterCcwo' to 'work.rotating_prioritizer:module'.
Resolved design unit 'rotating_prioritizer' at 'tb_cmp.CMP@cardinal_cmp<module>.ring_0@cardinal_ring<module>.router_2@cardinal_router<module>.arbiterPeo' to 'work.rotating_prioritizer:module'.
Resolved design unit 'cardinal_router' at 'tb_cmp.CMP@cardinal_cmp<module>.ring_0@cardinal_ring<module>.router_3' to 'work.cardinal_router:module'.
Resolved design unit 'bufferDepth1' at 'tb_cmp.CMP@cardinal_cmp<module>.ring_0@cardinal_ring<module>.router_3@cardinal_router<module>.bufCwi0' to 'work.bufferDepth1:module'.
Resolved design unit 'bufferDepth1' at 'tb_cmp.CMP@cardinal_cmp<module>.ring_0@cardinal_ring<module>.router_3@cardinal_router<module>.bufCwi1' to 'work.bufferDepth1:module'.
Resolved design unit 'bufferDepth1' at 'tb_cmp.CMP@cardinal_cmp<module>.ring_0@cardinal_ring<module>.router_3@cardinal_router<module>.bufCcwi0' to 'work.bufferDepth1:module'.
Resolved design unit 'bufferDepth1' at 'tb_cmp.CMP@cardinal_cmp<module>.ring_0@cardinal_ring<module>.router_3@cardinal_router<module>.bufCcwi1' to 'work.bufferDepth1:module'.
Resolved design unit 'bufferDepth1' at 'tb_cmp.CMP@cardinal_cmp<module>.ring_0@cardinal_ring<module>.router_3@cardinal_router<module>.bufPei0' to 'work.bufferDepth1:module'.
Resolved design unit 'bufferDepth1' at 'tb_cmp.CMP@cardinal_cmp<module>.ring_0@cardinal_ring<module>.router_3@cardinal_router<module>.bufPei1' to 'work.bufferDepth1:module'.
Resolved design unit 'bufferDepth1' at 'tb_cmp.CMP@cardinal_cmp<module>.ring_0@cardinal_ring<module>.router_3@cardinal_router<module>.bufCwo0' to 'work.bufferDepth1:module'.
Resolved design unit 'bufferDepth1' at 'tb_cmp.CMP@cardinal_cmp<module>.ring_0@cardinal_ring<module>.router_3@cardinal_router<module>.bufCwo1' to 'work.bufferDepth1:module'.
Resolved design unit 'bufferDepth1' at 'tb_cmp.CMP@cardinal_cmp<module>.ring_0@cardinal_ring<module>.router_3@cardinal_router<module>.bufCcwo0' to 'work.bufferDepth1:module'.
Resolved design unit 'bufferDepth1' at 'tb_cmp.CMP@cardinal_cmp<module>.ring_0@cardinal_ring<module>.router_3@cardinal_router<module>.bufCcwo1' to 'work.bufferDepth1:module'.
Resolved design unit 'bufferDepth1' at 'tb_cmp.CMP@cardinal_cmp<module>.ring_0@cardinal_ring<module>.router_3@cardinal_router<module>.bufPeo0' to 'work.bufferDepth1:module'.
Resolved design unit 'bufferDepth1' at 'tb_cmp.CMP@cardinal_cmp<module>.ring_0@cardinal_ring<module>.router_3@cardinal_router<module>.bufPeo1' to 'work.bufferDepth1:module'.
Resolved design unit 'rotating_prioritizer' at 'tb_cmp.CMP@cardinal_cmp<module>.ring_0@cardinal_ring<module>.router_3@cardinal_router<module>.arbiterCwo' to 'work.rotating_prioritizer:module'.
Resolved design unit 'rotating_prioritizer' at 'tb_cmp.CMP@cardinal_cmp<module>.ring_0@cardinal_ring<module>.router_3@cardinal_router<module>.arbiterCcwo' to 'work.rotating_prioritizer:module'.
Resolved design unit 'rotating_prioritizer' at 'tb_cmp.CMP@cardinal_cmp<module>.ring_0@cardinal_ring<module>.router_3@cardinal_router<module>.arbiterPeo' to 'work.rotating_prioritizer:module'.
TOOL:	ncelab(64)	15.20-s079: Exiting on Apr 12, 2023 at 14:35:02 PDT  (total: 00:00:00)
